-------------------------------------------------------------------------------------------------------------------------------------
      name:  <unnamed>
       log:  E:\Wits\BiostatisticsII\2017\icu\icu.log
  log type:  text
 opened on:  10 May 2017, 11:23:46

. 
. ***load the data        
.         insheet using  "icu.csv" , clear
(21 vars, 200 obs)

. 
. ***mortality
.         tab sta

        STA |      Freq.     Percent        Cum.
------------+-----------------------------------
          0 |        160       80.00       80.00
          1 |         40       20.00      100.00
------------+-----------------------------------
      Total |        200      100.00

.         
. ***logistic sta age
.         
. ***stepwise
. *------------------------------------------------
.         stepwise , pr(0.20) lockterm1: logistic sta ser age gender race  can crn inf cpr sys hra  
                      begin with full model
p = 0.9496 >= 0.2000  removing race
p = 0.7795 >= 0.2000  removing gender
p = 0.3541 >= 0.2000  removing can
p = 0.3482 >= 0.2000  removing hra
p = 0.4132 >= 0.2000  removing inf

Logistic regression                             Number of obs     =        200
                                                LR chi2(5)        =      29.41
                                                Prob > chi2       =     0.0000
Log likelihood = -85.377541                     Pseudo R2         =     0.1469

------------------------------------------------------------------------------
         sta | Odds Ratio   Std. Err.      z    P>|z|     [95% Conf. Interval]
-------------+----------------------------------------------------------------
         ser |   .5259123   .2175329    -1.55   0.120     .2337928    1.183029
         age |   1.028871   .0119793     2.44   0.015     1.005658     1.05262
         sys |   .9842212   .0061653    -2.54   0.011     .9722114    .9963794
         crn |   2.527918   1.446484     1.62   0.105     .8235732    7.759321
         cpr |   3.253761   2.107014     1.82   0.068     .9144905    11.57689
       _cons |   .3641308   .3956256    -0.93   0.352     .0432945    3.062542
------------------------------------------------------------------------------

. **selected model is
.         logistic sta i.ser age  sys crn cpr

Logistic regression                             Number of obs     =        200
                                                LR chi2(5)        =      29.41
                                                Prob > chi2       =     0.0000
Log likelihood = -85.377541                     Pseudo R2         =     0.1469

------------------------------------------------------------------------------
         sta | Odds Ratio   Std. Err.      z    P>|z|     [95% Conf. Interval]
-------------+----------------------------------------------------------------
       1.ser |   .5259123   .2175329    -1.55   0.120     .2337928    1.183029
         age |   1.028871   .0119793     2.44   0.015     1.005658     1.05262
         sys |   .9842212   .0061653    -2.54   0.011     .9722114    .9963794
         crn |   2.527918   1.446484     1.62   0.105     .8235732    7.759321
         cpr |   3.253761   2.107014     1.82   0.068     .9144905    11.57689
       _cons |   .3641308   .3956256    -0.93   0.352     .0432945    3.062542
------------------------------------------------------------------------------

.         estat ic

Akaike's information criterion and Bayesian information criterion

-----------------------------------------------------------------------------
       Model |        Obs  ll(null)  ll(model)      df         AIC        BIC
-------------+---------------------------------------------------------------
           . |        200 -100.0805  -85.37754       6    182.7551    202.545
-----------------------------------------------------------------------------
               Note: N=Obs used in calculating BIC; see [R] BIC note.

. 
end of do-file

. do "C:\Users\kmwai\AppData\Local\Temp\STD0d000000.tmp"

.         logistic sta ser age gender race  can crn inf cpr sys hra

Logistic regression                             Number of obs     =        200
                                                LR chi2(10)       =      31.87
                                                Prob > chi2       =     0.0004
Log likelihood = -84.145824                     Pseudo R2         =     0.1592

------------------------------------------------------------------------------
         sta | Odds Ratio   Std. Err.      z    P>|z|     [95% Conf. Interval]
-------------+----------------------------------------------------------------
         ser |   .4463234   .2049455    -1.76   0.079     .1814636    1.097766
         age |   1.030107   .0130586     2.34   0.019     1.004828    1.056022
      gender |   .8928126   .3651425    -0.28   0.782     .4005308    1.990145
        race |   .9716547   .4418523    -0.06   0.950      .398506    2.369131
         can |   1.867737   1.246986     0.94   0.349     .5046784    6.912206
         crn |    2.29422   1.360718     1.40   0.161      .717433    7.336497
         inf |   1.524838   .6507461     0.99   0.323     .6606351     3.51954
         cpr |    3.32858   2.203742     1.82   0.069     .9092992     12.1846
         sys |   .9854971   .0063498    -2.27   0.023       .97313    .9980213
         hra |   .9920061   .0081059    -0.98   0.326     .9762453    1.008021
       _cons |   .5723585   .8732045    -0.37   0.715     .0287775    11.38368
------------------------------------------------------------------------------

.         lrdrop1
Likelihood Ratio Tests: drop 1 term
logistic regression
number of obs = 200
------------------------------------------------------------------------
     sta     Df      Chi2      P>Chi2    -2*log ll   Res. Df   AIC
------------------------------------------------------------------------
Original Model                            168.29      189     190.29
    -ser      1      3.14      0.0765     171.43      188     191.43
    -age      1      6.39      0.0114     174.69      188     194.69
 -gender      1      0.08      0.7811     168.37      188     188.37
   -race      1      0.00      0.9494     168.30      188     188.30
    -can      1      0.82      0.3641     169.12      188     189.12
    -crn      1      1.92      0.1661     170.21      188     190.21
    -inf      1      0.97      0.3235     169.27      188     189.27
    -cpr      1      3.29      0.0698     171.58      188     191.58
    -sys      1      5.64      0.0175     173.93      188     193.93
    -hra      1      1.00      0.3181     169.29      188     189.29
------------------------------------------------------------------------
Terms dropped one at a time in turn.

. 
end of do-file

. do "C:\Users\kmwai\AppData\Local\Temp\STD0d000000.tmp"

.         logistic sta ser age gender race  can crn inf cpr sys hra

Logistic regression                             Number of obs     =        200
                                                LR chi2(10)       =      31.87
                                                Prob > chi2       =     0.0004
Log likelihood = -84.145824                     Pseudo R2         =     0.1592

------------------------------------------------------------------------------
         sta | Odds Ratio   Std. Err.      z    P>|z|     [95% Conf. Interval]
-------------+----------------------------------------------------------------
         ser |   .4463234   .2049455    -1.76   0.079     .1814636    1.097766
         age |   1.030107   .0130586     2.34   0.019     1.004828    1.056022
      gender |   .8928126   .3651425    -0.28   0.782     .4005308    1.990145
        race |   .9716547   .4418523    -0.06   0.950      .398506    2.369131
         can |   1.867737   1.246986     0.94   0.349     .5046784    6.912206
         crn |    2.29422   1.360718     1.40   0.161      .717433    7.336497
         inf |   1.524838   .6507461     0.99   0.323     .6606351     3.51954
         cpr |    3.32858   2.203742     1.82   0.069     .9092992     12.1846
         sys |   .9854971   .0063498    -2.27   0.023       .97313    .9980213
         hra |   .9920061   .0081059    -0.98   0.326     .9762453    1.008021
       _cons |   .5723585   .8732045    -0.37   0.715     .0287775    11.38368
------------------------------------------------------------------------------

.         estat ic

Akaike's information criterion and Bayesian information criterion

-----------------------------------------------------------------------------
       Model |        Obs  ll(null)  ll(model)      df         AIC        BIC
-------------+---------------------------------------------------------------
           . |        200 -100.0805  -84.14582      11    190.2916   226.5731
-----------------------------------------------------------------------------
               Note: N=Obs used in calculating BIC; see [R] BIC note.

. 
end of do-file

. di (-2*-84.14582)
168.29164

. do "C:\Users\kmwai\AppData\Local\Temp\STD0d000000.tmp"

.         logistic sta ser age gender   can crn inf cpr sys hra

Logistic regression                             Number of obs     =        200
                                                LR chi2(9)        =      31.87
                                                Prob > chi2       =     0.0002
Log likelihood = -84.147836                     Pseudo R2         =     0.1592

------------------------------------------------------------------------------
         sta | Odds Ratio   Std. Err.      z    P>|z|     [95% Conf. Interval]
-------------+----------------------------------------------------------------
         ser |   .4458644   .2045849    -1.76   0.078     .1813965    1.095915
         age |   1.030314   .0126634     2.43   0.015     1.005791    1.055435
      gender |   .8918954   .3644756    -0.28   0.780      .400376    1.986826
         can |   1.874688   1.246618     0.95   0.345     .5092165    6.901692
         crn |   2.278901   1.329385     1.41   0.158     .7264095    7.149398
         inf |   1.526604   .6508173     0.99   0.321     .6619797    3.520531
         cpr |   3.324073   2.198186     1.82   0.069     .9094461    12.14966
         sys |   .9854644   .0063275    -2.28   0.023     .9731405    .9979444
         hra |   .9920318   .0080896    -0.98   0.327     .9763025    1.008014
       _cons |   .5481143   .7474696    -0.44   0.659     .0378511    7.937143
------------------------------------------------------------------------------

. 
end of do-file

. do "C:\Users\kmwai\AppData\Local\Temp\STD0d000000.tmp"

.         estat ic

Akaike's information criterion and Bayesian information criterion

-----------------------------------------------------------------------------
       Model |        Obs  ll(null)  ll(model)      df         AIC        BIC
-------------+---------------------------------------------------------------
           . |        200 -100.0805  -84.14784      10    188.2957   221.2788
-----------------------------------------------------------------------------
               Note: N=Obs used in calculating BIC; see [R] BIC note.

. 
end of do-file

. do "C:\Users\kmwai\AppData\Local\Temp\STD0d000000.tmp"

.         logistic sta ser age gender race  can crn inf cpr sys hra

Logistic regression                             Number of obs     =        200
                                                LR chi2(10)       =      31.87
                                                Prob > chi2       =     0.0004
Log likelihood = -84.145824                     Pseudo R2         =     0.1592

------------------------------------------------------------------------------
         sta | Odds Ratio   Std. Err.      z    P>|z|     [95% Conf. Interval]
-------------+----------------------------------------------------------------
         ser |   .4463234   .2049455    -1.76   0.079     .1814636    1.097766
         age |   1.030107   .0130586     2.34   0.019     1.004828    1.056022
      gender |   .8928126   .3651425    -0.28   0.782     .4005308    1.990145
        race |   .9716547   .4418523    -0.06   0.950      .398506    2.369131
         can |   1.867737   1.246986     0.94   0.349     .5046784    6.912206
         crn |    2.29422   1.360718     1.40   0.161      .717433    7.336497
         inf |   1.524838   .6507461     0.99   0.323     .6606351     3.51954
         cpr |    3.32858   2.203742     1.82   0.069     .9092992     12.1846
         sys |   .9854971   .0063498    -2.27   0.023       .97313    .9980213
         hra |   .9920061   .0081059    -0.98   0.326     .9762453    1.008021
       _cons |   .5723585   .8732045    -0.37   0.715     .0287775    11.38368
------------------------------------------------------------------------------

.         estat ic

Akaike's information criterion and Bayesian information criterion

-----------------------------------------------------------------------------
       Model |        Obs  ll(null)  ll(model)      df         AIC        BIC
-------------+---------------------------------------------------------------
           . |        200 -100.0805  -84.14582      11    190.2916   226.5731
-----------------------------------------------------------------------------
               Note: N=Obs used in calculating BIC; see [R] BIC note.

.         est store A

. 
end of do-file

. do "C:\Users\kmwai\AppData\Local\Temp\STD0d000000.tmp"

.         logistic sta ser age gender   can crn inf cpr sys hra

Logistic regression                             Number of obs     =        200
                                                LR chi2(9)        =      31.87
                                                Prob > chi2       =     0.0002
Log likelihood = -84.147836                     Pseudo R2         =     0.1592

------------------------------------------------------------------------------
         sta | Odds Ratio   Std. Err.      z    P>|z|     [95% Conf. Interval]
-------------+----------------------------------------------------------------
         ser |   .4458644   .2045849    -1.76   0.078     .1813965    1.095915
         age |   1.030314   .0126634     2.43   0.015     1.005791    1.055435
      gender |   .8918954   .3644756    -0.28   0.780      .400376    1.986826
         can |   1.874688   1.246618     0.95   0.345     .5092165    6.901692
         crn |   2.278901   1.329385     1.41   0.158     .7264095    7.149398
         inf |   1.526604   .6508173     0.99   0.321     .6619797    3.520531
         cpr |   3.324073   2.198186     1.82   0.069     .9094461    12.14966
         sys |   .9854644   .0063275    -2.28   0.023     .9731405    .9979444
         hra |   .9920318   .0080896    -0.98   0.327     .9763025    1.008014
       _cons |   .5481143   .7474696    -0.44   0.659     .0378511    7.937143
------------------------------------------------------------------------------

.         estat ic

Akaike's information criterion and Bayesian information criterion

-----------------------------------------------------------------------------
       Model |        Obs  ll(null)  ll(model)      df         AIC        BIC
-------------+---------------------------------------------------------------
           . |        200 -100.0805  -84.14784      10    188.2957   221.2788
-----------------------------------------------------------------------------
               Note: N=Obs used in calculating BIC; see [R] BIC note.

.         estat store B
subcommand estat store is unrecognized
r(321);

end of do-file

r(321);

. do "C:\Users\kmwai\AppData\Local\Temp\STD0d000000.tmp"

.         logistic sta ser age gender race  can crn inf cpr sys hra

Logistic regression                             Number of obs     =        200
                                                LR chi2(10)       =      31.87
                                                Prob > chi2       =     0.0004
Log likelihood = -84.145824                     Pseudo R2         =     0.1592

------------------------------------------------------------------------------
         sta | Odds Ratio   Std. Err.      z    P>|z|     [95% Conf. Interval]
-------------+----------------------------------------------------------------
         ser |   .4463234   .2049455    -1.76   0.079     .1814636    1.097766
         age |   1.030107   .0130586     2.34   0.019     1.004828    1.056022
      gender |   .8928126   .3651425    -0.28   0.782     .4005308    1.990145
        race |   .9716547   .4418523    -0.06   0.950      .398506    2.369131
         can |   1.867737   1.246986     0.94   0.349     .5046784    6.912206
         crn |    2.29422   1.360718     1.40   0.161      .717433    7.336497
         inf |   1.524838   .6507461     0.99   0.323     .6606351     3.51954
         cpr |    3.32858   2.203742     1.82   0.069     .9092992     12.1846
         sys |   .9854971   .0063498    -2.27   0.023       .97313    .9980213
         hra |   .9920061   .0081059    -0.98   0.326     .9762453    1.008021
       _cons |   .5723585   .8732045    -0.37   0.715     .0287775    11.38368
------------------------------------------------------------------------------

.         estat ic

Akaike's information criterion and Bayesian information criterion

-----------------------------------------------------------------------------
       Model |        Obs  ll(null)  ll(model)      df         AIC        BIC
-------------+---------------------------------------------------------------
           . |        200 -100.0805  -84.14582      11    190.2916   226.5731
-----------------------------------------------------------------------------
               Note: N=Obs used in calculating BIC; see [R] BIC note.

.         est store A

.         lrdrop1
Likelihood Ratio Tests: drop 1 term
logistic regression
number of obs = 200
------------------------------------------------------------------------
     sta     Df      Chi2      P>Chi2    -2*log ll   Res. Df   AIC
------------------------------------------------------------------------
Original Model                            168.29      189     190.29
    -ser      1      3.14      0.0765     171.43      188     191.43
    -age      1      6.39      0.0114     174.69      188     194.69
 -gender      1      0.08      0.7811     168.37      188     188.37
   -race      1      0.00      0.9494     168.30      188     188.30
    -can      1      0.82      0.3641     169.12      188     189.12
    -crn      1      1.92      0.1661     170.21      188     190.21
    -inf      1      0.97      0.3235     169.27      188     189.27
    -cpr      1      3.29      0.0698     171.58      188     191.58
    -sys      1      5.64      0.0175     173.93      188     193.93
    -hra      1      1.00      0.3181     169.29      188     189.29
------------------------------------------------------------------------
Terms dropped one at a time in turn.

.         
.         logistic sta ser age gender   can crn inf cpr sys hra

Logistic regression                             Number of obs     =        200
                                                LR chi2(9)        =      31.87
                                                Prob > chi2       =     0.0002
Log likelihood = -84.147836                     Pseudo R2         =     0.1592

------------------------------------------------------------------------------
         sta | Odds Ratio   Std. Err.      z    P>|z|     [95% Conf. Interval]
-------------+----------------------------------------------------------------
         ser |   .4458644   .2045849    -1.76   0.078     .1813965    1.095915
         age |   1.030314   .0126634     2.43   0.015     1.005791    1.055435
      gender |   .8918954   .3644756    -0.28   0.780      .400376    1.986826
         can |   1.874688   1.246618     0.95   0.345     .5092165    6.901692
         crn |   2.278901   1.329385     1.41   0.158     .7264095    7.149398
         inf |   1.526604   .6508173     0.99   0.321     .6619797    3.520531
         cpr |   3.324073   2.198186     1.82   0.069     .9094461    12.14966
         sys |   .9854644   .0063275    -2.28   0.023     .9731405    .9979444
         hra |   .9920318   .0080896    -0.98   0.327     .9763025    1.008014
       _cons |   .5481143   .7474696    -0.44   0.659     .0378511    7.937143
------------------------------------------------------------------------------

.         estat ic

Akaike's information criterion and Bayesian information criterion

-----------------------------------------------------------------------------
       Model |        Obs  ll(null)  ll(model)      df         AIC        BIC
-------------+---------------------------------------------------------------
           . |        200 -100.0805  -84.14784      10    188.2957   221.2788
-----------------------------------------------------------------------------
               Note: N=Obs used in calculating BIC; see [R] BIC note.

.         est store B

. 
end of do-file

. lrtest A B

Likelihood-ratio test                                 LR chi2(1)  =      0.00
(Assumption: B nested in A)                           Prob > chi2 =    0.9494

. lrtest  B A

Likelihood-ratio test                                 LR chi2(1)  =      0.00
(Assumption: B nested in A)                           Prob > chi2 =    0.9494

. do "C:\Users\kmwai\AppData\Local\Temp\STD0d000000.tmp"

.         logistic sta ser age gender race  can crn inf cpr sys hra

Logistic regression                             Number of obs     =        200
                                                LR chi2(10)       =      31.87
                                                Prob > chi2       =     0.0004
Log likelihood = -84.145824                     Pseudo R2         =     0.1592

------------------------------------------------------------------------------
         sta | Odds Ratio   Std. Err.      z    P>|z|     [95% Conf. Interval]
-------------+----------------------------------------------------------------
         ser |   .4463234   .2049455    -1.76   0.079     .1814636    1.097766
         age |   1.030107   .0130586     2.34   0.019     1.004828    1.056022
      gender |   .8928126   .3651425    -0.28   0.782     .4005308    1.990145
        race |   .9716547   .4418523    -0.06   0.950      .398506    2.369131
         can |   1.867737   1.246986     0.94   0.349     .5046784    6.912206
         crn |    2.29422   1.360718     1.40   0.161      .717433    7.336497
         inf |   1.524838   .6507461     0.99   0.323     .6606351     3.51954
         cpr |    3.32858   2.203742     1.82   0.069     .9092992     12.1846
         sys |   .9854971   .0063498    -2.27   0.023       .97313    .9980213
         hra |   .9920061   .0081059    -0.98   0.326     .9762453    1.008021
       _cons |   .5723585   .8732045    -0.37   0.715     .0287775    11.38368
------------------------------------------------------------------------------

. 
end of do-file

. do "C:\Users\kmwai\AppData\Local\Temp\STD0d000000.tmp"

.         lrdrop1
Likelihood Ratio Tests: drop 1 term
logistic regression
number of obs = 200
------------------------------------------------------------------------
     sta     Df      Chi2      P>Chi2    -2*log ll   Res. Df   AIC
------------------------------------------------------------------------
Original Model                            168.29      189     190.29
    -ser      1      3.14      0.0765     171.43      188     191.43
    -age      1      6.39      0.0114     174.69      188     194.69
 -gender      1      0.08      0.7811     168.37      188     188.37
   -race      1      0.00      0.9494     168.30      188     188.30
    -can      1      0.82      0.3641     169.12      188     189.12
    -crn      1      1.92      0.1661     170.21      188     190.21
    -inf      1      0.97      0.3235     169.27      188     189.27
    -cpr      1      3.29      0.0698     171.58      188     191.58
    -sys      1      5.64      0.0175     173.93      188     193.93
    -hra      1      1.00      0.3181     169.29      188     189.29
------------------------------------------------------------------------
Terms dropped one at a time in turn.

. 
end of do-file

